<?xml version="1.0" encoding="UTF-8" ?>
<testsuite tests="15" failures="5" name="TestSuite" time="57.93" errors="0" skipped="2">
  <properties>
[...]
</properties>
  <testcase classname="com.qa.amazon.testsuite.AmazonPayPageTest" name="setUp" time="23.947">
    <failure message="no such element: Unable to locate element: {&quot;method&quot;:&quot;xpath&quot;,&quot;selector&quot;:&quot;//a[@tabindex=26]&quot;}
  (Session info: chrome=81.0.4044.138)
For documentation on this error, please visit: https://www.seleniumhq.org/exceptions/no_such_element.html
Build info: version: &apos;3.141.59&apos;, revision: &apos;e82be7d358&apos;, time: &apos;2018-11-14T08:17:03&apos;
System info: host: &apos;INLN56597652A&apos;, ip: &apos;192.168.184.1&apos;, os.name: &apos;Windows 10&apos;, os.arch: &apos;amd64&apos;, os.version: &apos;10.0&apos;, java.version: &apos;1.8.0_251&apos;
Driver info: org.openqa.selenium.chrome.ChromeDriver
Capabilities {acceptInsecureCerts: false, browserName: chrome, browserVersion: 81.0.4044.138, chrome: {chromedriverVersion: 81.0.4044.69 (6813546031a4b..., userDataDir: C:\Users\i341714\AppData\Lo...}, goog:chromeOptions: {debuggerAddress: localhost:49975}, javascriptEnabled: true, networkConnectionEnabled: false, pageLoadStrategy: normal, platform: WINDOWS, platformName: WINDOWS, proxy: Proxy(), setWindowRect: true, strictFileInteractability: false, timeouts: {implicit: 0, pageLoad: 300000, script: 30000}, unhandledPromptBehavior: dismiss and notify, webauthn:virtualAuthenticators: true}
Session ID: d26169e469ada83185253933a1cd011e
*** Element info: {Using=xpath, value=//a[@tabindex=26]}" type="org.openqa.selenium.NoSuchElementException">org.openqa.selenium.NoSuchElementException: no such element: Unable to locate element: {&quot;method&quot;:&quot;xpath&quot;,&quot;selector&quot;:&quot;//a[@tabindex=26]&quot;}
  (Session info: chrome=81.0.4044.138)
For documentation on this error, please visit: https://www.seleniumhq.org/exceptions/no_such_element.html
Build info: version: &apos;3.141.59&apos;, revision: &apos;e82be7d358&apos;, time: &apos;2018-11-14T08:17:03&apos;
System info: host: &apos;INLN56597652A&apos;, ip: &apos;192.168.184.1&apos;, os.name: &apos;Windows 10&apos;, os.arch: &apos;amd64&apos;, os.version: &apos;10.0&apos;, java.version: &apos;1.8.0_251&apos;
Driver info: org.openqa.selenium.chrome.ChromeDriver
Capabilities {acceptInsecureCerts: false, browserName: chrome, browserVersion: 81.0.4044.138, chrome: {chromedriverVersion: 81.0.4044.69 (6813546031a4b..., userDataDir: C:\Users\i341714\AppData\Lo...}, goog:chromeOptions: {debuggerAddress: localhost:49975}, javascriptEnabled: true, networkConnectionEnabled: false, pageLoadStrategy: normal, platform: WINDOWS, platformName: WINDOWS, proxy: Proxy(), setWindowRect: true, strictFileInteractability: false, timeouts: {implicit: 0, pageLoad: 300000, script: 30000}, unhandledPromptBehavior: dismiss and notify, webauthn:virtualAuthenticators: true}
Session ID: d26169e469ada83185253933a1cd011e
*** Element info: {Using=xpath, value=//a[@tabindex=26]}
	at sun.reflect.NativeConstructorAccessorImpl.newInstance0(Native Method)
	at sun.reflect.NativeConstructorAccessorImpl.newInstance(Unknown Source)
	at sun.reflect.DelegatingConstructorAccessorImpl.newInstance(Unknown Source)
	at java.lang.reflect.Constructor.newInstance(Unknown Source)
	at org.openqa.selenium.remote.http.W3CHttpResponseCodec.createException(W3CHttpResponseCodec.java:187)
	at org.openqa.selenium.remote.http.W3CHttpResponseCodec.decode(W3CHttpResponseCodec.java:122)
	at org.openqa.selenium.remote.http.W3CHttpResponseCodec.decode(W3CHttpResponseCodec.java:49)
	at org.openqa.selenium.remote.HttpCommandExecutor.execute(HttpCommandExecutor.java:158)
	at org.openqa.selenium.remote.service.DriverCommandExecutor.execute(DriverCommandExecutor.java:83)
	at org.openqa.selenium.remote.RemoteWebDriver.execute(RemoteWebDriver.java:552)
	at org.openqa.selenium.remote.RemoteWebDriver.findElement(RemoteWebDriver.java:323)
	at org.openqa.selenium.remote.RemoteWebDriver.findElementByXPath(RemoteWebDriver.java:428)
	at org.openqa.selenium.By$ByXPath.findElement(By.java:353)
	at org.openqa.selenium.remote.RemoteWebDriver.findElement(RemoteWebDriver.java:315)
	at sun.reflect.NativeMethodAccessorImpl.invoke0(Native Method)
	at sun.reflect.NativeMethodAccessorImpl.invoke(Unknown Source)
	at sun.reflect.DelegatingMethodAccessorImpl.invoke(Unknown Source)
	at java.lang.reflect.Method.invoke(Unknown Source)
	at org.openqa.selenium.support.events.EventFiringWebDriver.lambda$new$1(EventFiringWebDriver.java:105)
	at com.sun.proxy.$Proxy6.findElement(Unknown Source)
	at org.openqa.selenium.support.events.EventFiringWebDriver.findElement(EventFiringWebDriver.java:194)
	at org.openqa.selenium.support.pagefactory.DefaultElementLocator.findElement(DefaultElementLocator.java:69)
	at org.openqa.selenium.support.pagefactory.internal.LocatingElementHandler.invoke(LocatingElementHandler.java:38)
	at com.sun.proxy.$Proxy10.click(Unknown Source)
	at com.qa.amazon.pages.HomePage.clickOnAmazonPay(HomePage.java:41)
	at com.qa.amazon.testsuite.AmazonPayPageTest.setUp(AmazonPayPageTest.java:31)
</failure>
    <system-out>Configuring TestNG with: org.apache.maven.surefire.testng.conf.TestNG652Configurator@50cbc42f
Before navigating to: &apos;https://www.amazon.in/&apos;
Navigated to:&apos;https://www.amazon.in/&apos;
Trying to find Element By : By.xpath: //a[@id=&quot;nav-link-accountList&quot;]
Found Element By : By.xpath: //a[@id=&quot;nav-link-accountList&quot;]
Trying to click on: [[ChromeDriver: chrome on WINDOWS (d26169e469ada83185253933a1cd011e)] -&gt; xpath: //a[@id=&quot;nav-link-accountList&quot;]]
Clicked on: [[ChromeDriver: chrome on WINDOWS (d26169e469ada83185253933a1cd011e)] -&gt; xpath: //a[@id=&quot;nav-link-accountList&quot;]]
Trying to find Element By : By.id: ap_email
Found Element By : By.id: ap_email
Trying to find Element By : By.id: continue
Found Element By : By.id: continue
Trying to click on: [[ChromeDriver: chrome on WINDOWS (d26169e469ada83185253933a1cd011e)] -&gt; id: continue]
Clicked on: [[ChromeDriver: chrome on WINDOWS (d26169e469ada83185253933a1cd011e)] -&gt; id: continue]
Trying to find Element By : By.id: ap_password
Found Element By : By.id: ap_password
Trying to find Element By : By.id: signInSubmit
Found Element By : By.id: signInSubmit
Trying to click on: [[ChromeDriver: chrome on WINDOWS (d26169e469ada83185253933a1cd011e)] -&gt; id: signInSubmit]
Clicked on: [[ChromeDriver: chrome on WINDOWS (d26169e469ada83185253933a1cd011e)] -&gt; id: signInSubmit]
Trying to find Element By : By.xpath: //a[@tabindex=26]
Exception occured: org.openqa.selenium.NoSuchElementException: no such element: Unable to locate element: {&quot;method&quot;:&quot;xpath&quot;,&quot;selector&quot;:&quot;//a[@tabindex=26]&quot;}
  (Session info: chrome=81.0.4044.138)
For documentation on this error, please visit: https://www.seleniumhq.org/exceptions/no_such_element.html
Build info: version: &apos;3.141.59&apos;, revision: &apos;e82be7d358&apos;, time: &apos;2018-11-14T08:17:03&apos;
System info: host: &apos;INLN56597652A&apos;, ip: &apos;192.168.184.1&apos;, os.name: &apos;Windows 10&apos;, os.arch: &apos;amd64&apos;, os.version: &apos;10.0&apos;, java.version: &apos;1.8.0_251&apos;
Driver info: org.openqa.selenium.chrome.ChromeDriver
Capabilities {acceptInsecureCerts: false, browserName: chrome, browserVersion: 81.0.4044.138, chrome: {chromedriverVersion: 81.0.4044.69 (6813546031a4b..., userDataDir: C:\Users\i341714\AppData\Lo...}, goog:chromeOptions: {debuggerAddress: localhost:49975}, javascriptEnabled: true, networkConnectionEnabled: false, pageLoadStrategy: normal, platform: WINDOWS, platformName: WINDOWS, proxy: Proxy(), setWindowRect: true, strictFileInteractability: false, timeouts: {implicit: 0, pageLoad: 300000, script: 30000}, unhandledPromptBehavior: dismiss and notify, webauthn:virtualAuthenticators: true}
Session ID: d26169e469ada83185253933a1cd011e
*** Element info: {Using=xpath, value=//a[@tabindex=26]}
</system-out>
    <system-err>Starting ChromeDriver 81.0.4044.69 (6813546031a4bc83f717a2ef7cd4ac6ec1199132-refs/branch-heads/4044@{#776}) on port 14517
Only local connections are allowed.
Please protect ports used by ChromeDriver and related test frameworks to prevent access by malicious code.
May 15, 2020 4:47:14 PM org.openqa.selenium.remote.ProtocolHandshake createSession
INFO: Detected dialect: W3C
[1589541435.734][SEVERE]: Timed out receiving message from renderer: 0.100
[1589541435.839][SEVERE]: Timed out receiving message from renderer: 0.100
[1589541435.946][SEVERE]: Timed out receiving message from renderer: 0.100
[1589541436.058][SEVERE]: Timed out receiving message from renderer: 0.100
[1589541436.162][SEVERE]: Timed out receiving message from renderer: 0.100
[1589541436.266][SEVERE]: Timed out receiving message from renderer: 0.100
[1589541436.384][SEVERE]: Timed out receiving message from renderer: 0.100
[1589541436.886][SEVERE]: Timed out receiving message from renderer: 0.100
[1589541437.653][SEVERE]: Timed out receiving message from renderer: 0.100
[1589541437.756][SEVERE]: Timed out receiving message from renderer: 0.100
[1589541437.940][SEVERE]: Timed out receiving message from renderer: 0.100
[1589541438.150][SEVERE]: Timed out receiving message from renderer: 0.100
[1589541438.254][SEVERE]: Timed out receiving message from renderer: 0.100
[1589541440.266][SEVERE]: Timed out receiving message from renderer: 0.100
[1589541440.387][SEVERE]: Timed out receiving message from renderer: 0.100
[1589541440.564][SEVERE]: Timed out receiving message from renderer: 0.100
[1589541440.677][SEVERE]: Timed out receiving message from renderer: 0.100
[1589541440.933][SEVERE]: Timed out receiving message from renderer: 0.100
[1589541443.488][SEVERE]: Timed out receiving message from renderer: 0.100
[1589541443.590][SEVERE]: Timed out receiving message from renderer: 0.100
[1589541443.699][SEVERE]: Timed out receiving message from renderer: 0.100
</system-err>
  </testcase>
  <testcase classname="com.qa.amazon.testsuite.AmazonPayPageTest" name="checkAmazonPayBalance" time="0.001">
    <skipped/>
  </testcase>
  <testcase classname="com.qa.amazon.testsuite.AmazonPayPageTest" name="tearDown" time="0.001">
    <skipped/>
  </testcase>
  <testcase classname="com.qa.amazon.testsuite.HomePageTest" name="verifyHomePageTitle" time="0.026">
    <failure message="expected [Online Shopping site in India: Shop Online for Mobiles, Books, Watches, Shoes and More - Amazon.in] but found [Authentication required]" type="java.lang.AssertionError">java.lang.AssertionError: expected [Online Shopping site in India: Shop Online for Mobiles, Books, Watches, Shoes and More - Amazon.in] but found [Authentication required]
	at org.testng.Assert.fail(Assert.java:97)
	at org.testng.Assert.assertEqualsImpl(Assert.java:136)
	at org.testng.Assert.assertEquals(Assert.java:118)
	at org.testng.Assert.assertEquals(Assert.java:575)
	at org.testng.Assert.assertEquals(Assert.java:585)
	at com.qa.amazon.testsuite.HomePageTest.verifyHomePageTitle(HomePageTest.java:34)
</failure>
    <system-out>Before navigating to: &apos;https://www.amazon.in/&apos;
Navigated to:&apos;https://www.amazon.in/&apos;
Trying to find Element By : By.xpath: //a[@id=&quot;nav-link-accountList&quot;]
Found Element By : By.xpath: //a[@id=&quot;nav-link-accountList&quot;]
Trying to click on: [[ChromeDriver: chrome on WINDOWS (db67475f3002276f77cb8f950d874583)] -&gt; xpath: //a[@id=&quot;nav-link-accountList&quot;]]
Clicked on: [[ChromeDriver: chrome on WINDOWS (db67475f3002276f77cb8f950d874583)] -&gt; xpath: //a[@id=&quot;nav-link-accountList&quot;]]
Trying to find Element By : By.id: ap_email
Found Element By : By.id: ap_email
Trying to find Element By : By.id: continue
Found Element By : By.id: continue
Trying to click on: [[ChromeDriver: chrome on WINDOWS (db67475f3002276f77cb8f950d874583)] -&gt; id: continue]
Clicked on: [[ChromeDriver: chrome on WINDOWS (db67475f3002276f77cb8f950d874583)] -&gt; id: continue]
Trying to find Element By : By.id: ap_password
Found Element By : By.id: ap_password
Trying to find Element By : By.id: signInSubmit
Found Element By : By.id: signInSubmit
Trying to click on: [[ChromeDriver: chrome on WINDOWS (db67475f3002276f77cb8f950d874583)] -&gt; id: signInSubmit]
Clicked on: [[ChromeDriver: chrome on WINDOWS (db67475f3002276f77cb8f950d874583)] -&gt; id: signInSubmit]
Authentication required
</system-out>
    <system-err>Starting ChromeDriver 81.0.4044.69 (6813546031a4bc83f717a2ef7cd4ac6ec1199132-refs/branch-heads/4044@{#776}) on port 2190
Only local connections are allowed.
Please protect ports used by ChromeDriver and related test frameworks to prevent access by malicious code.
May 15, 2020 4:47:36 PM org.openqa.selenium.remote.ProtocolHandshake createSession
INFO: Detected dialect: W3C
[1589541457.447][SEVERE]: Timed out receiving message from renderer: 0.100
[1589541457.549][SEVERE]: Timed out receiving message from renderer: 0.100
[1589541458.365][SEVERE]: Timed out receiving message from renderer: 0.100
[1589541458.807][SEVERE]: Timed out receiving message from renderer: 0.100
[1589541458.911][SEVERE]: Timed out receiving message from renderer: 0.100
[1589541459.017][SEVERE]: Timed out receiving message from renderer: 0.100
[1589541459.154][SEVERE]: Timed out receiving message from renderer: 0.100
[1589541461.638][SEVERE]: Timed out receiving message from renderer: 0.100
[1589541461.742][SEVERE]: Timed out receiving message from renderer: 0.100
[1589541461.843][SEVERE]: Timed out receiving message from renderer: 0.100
[1589541461.945][SEVERE]: Timed out receiving message from renderer: 0.100
[1589541462.047][SEVERE]: Timed out receiving message from renderer: 0.100
[1589541462.150][SEVERE]: Timed out receiving message from renderer: 0.100
[1589541462.388][SEVERE]: Timed out receiving message from renderer: 0.100
[1589541462.494][SEVERE]: Timed out receiving message from renderer: 0.100
[1589541465.287][SEVERE]: Timed out receiving message from renderer: 0.100
[1589541465.462][SEVERE]: Timed out receiving message from renderer: 0.100
</system-err>
  </testcase>
  <testcase classname="com.qa.amazon.testsuite.HomePageTest" name="verifyUser" time="10.058">
    <failure message="no such element: Unable to locate element: {&quot;method&quot;:&quot;xpath&quot;,&quot;selector&quot;:&quot;//a[@id=&quot;nav-link-accountList&quot;]/span[1]&quot;}
  (Session info: chrome=81.0.4044.138)
For documentation on this error, please visit: https://www.seleniumhq.org/exceptions/no_such_element.html
Build info: version: &apos;3.141.59&apos;, revision: &apos;e82be7d358&apos;, time: &apos;2018-11-14T08:17:03&apos;
System info: host: &apos;INLN56597652A&apos;, ip: &apos;192.168.184.1&apos;, os.name: &apos;Windows 10&apos;, os.arch: &apos;amd64&apos;, os.version: &apos;10.0&apos;, java.version: &apos;1.8.0_251&apos;
Driver info: org.openqa.selenium.chrome.ChromeDriver
Capabilities {acceptInsecureCerts: false, browserName: chrome, browserVersion: 81.0.4044.138, chrome: {chromedriverVersion: 81.0.4044.69 (6813546031a4b..., userDataDir: C:\Users\i341714\AppData\Lo...}, goog:chromeOptions: {debuggerAddress: localhost:65418}, javascriptEnabled: true, networkConnectionEnabled: false, pageLoadStrategy: normal, platform: WINDOWS, platformName: WINDOWS, proxy: Proxy(), setWindowRect: true, strictFileInteractability: false, timeouts: {implicit: 0, pageLoad: 300000, script: 30000}, unhandledPromptBehavior: dismiss and notify, webauthn:virtualAuthenticators: true}
Session ID: 41bfd87006d4db0223d2b465c82ca606
*** Element info: {Using=xpath, value=//a[@id=&quot;nav-link-accountList&quot;]/span[1]}" type="org.openqa.selenium.NoSuchElementException">org.openqa.selenium.NoSuchElementException: no such element: Unable to locate element: {&quot;method&quot;:&quot;xpath&quot;,&quot;selector&quot;:&quot;//a[@id=&quot;nav-link-accountList&quot;]/span[1]&quot;}
  (Session info: chrome=81.0.4044.138)
For documentation on this error, please visit: https://www.seleniumhq.org/exceptions/no_such_element.html
Build info: version: &apos;3.141.59&apos;, revision: &apos;e82be7d358&apos;, time: &apos;2018-11-14T08:17:03&apos;
System info: host: &apos;INLN56597652A&apos;, ip: &apos;192.168.184.1&apos;, os.name: &apos;Windows 10&apos;, os.arch: &apos;amd64&apos;, os.version: &apos;10.0&apos;, java.version: &apos;1.8.0_251&apos;
Driver info: org.openqa.selenium.chrome.ChromeDriver
Capabilities {acceptInsecureCerts: false, browserName: chrome, browserVersion: 81.0.4044.138, chrome: {chromedriverVersion: 81.0.4044.69 (6813546031a4b..., userDataDir: C:\Users\i341714\AppData\Lo...}, goog:chromeOptions: {debuggerAddress: localhost:65418}, javascriptEnabled: true, networkConnectionEnabled: false, pageLoadStrategy: normal, platform: WINDOWS, platformName: WINDOWS, proxy: Proxy(), setWindowRect: true, strictFileInteractability: false, timeouts: {implicit: 0, pageLoad: 300000, script: 30000}, unhandledPromptBehavior: dismiss and notify, webauthn:virtualAuthenticators: true}
Session ID: 41bfd87006d4db0223d2b465c82ca606
*** Element info: {Using=xpath, value=//a[@id=&quot;nav-link-accountList&quot;]/span[1]}
	at sun.reflect.NativeConstructorAccessorImpl.newInstance0(Native Method)
	at sun.reflect.NativeConstructorAccessorImpl.newInstance(Unknown Source)
	at sun.reflect.DelegatingConstructorAccessorImpl.newInstance(Unknown Source)
	at java.lang.reflect.Constructor.newInstance(Unknown Source)
	at org.openqa.selenium.remote.http.W3CHttpResponseCodec.createException(W3CHttpResponseCodec.java:187)
	at org.openqa.selenium.remote.http.W3CHttpResponseCodec.decode(W3CHttpResponseCodec.java:122)
	at org.openqa.selenium.remote.http.W3CHttpResponseCodec.decode(W3CHttpResponseCodec.java:49)
	at org.openqa.selenium.remote.HttpCommandExecutor.execute(HttpCommandExecutor.java:158)
	at org.openqa.selenium.remote.service.DriverCommandExecutor.execute(DriverCommandExecutor.java:83)
	at org.openqa.selenium.remote.RemoteWebDriver.execute(RemoteWebDriver.java:552)
	at org.openqa.selenium.remote.RemoteWebDriver.findElement(RemoteWebDriver.java:323)
	at org.openqa.selenium.remote.RemoteWebDriver.findElementByXPath(RemoteWebDriver.java:428)
	at org.openqa.selenium.By$ByXPath.findElement(By.java:353)
	at org.openqa.selenium.remote.RemoteWebDriver.findElement(RemoteWebDriver.java:315)
	at sun.reflect.GeneratedMethodAccessor4.invoke(Unknown Source)
	at sun.reflect.DelegatingMethodAccessorImpl.invoke(Unknown Source)
	at java.lang.reflect.Method.invoke(Unknown Source)
	at org.openqa.selenium.support.events.EventFiringWebDriver.lambda$new$1(EventFiringWebDriver.java:105)
	at com.sun.proxy.$Proxy6.findElement(Unknown Source)
	at org.openqa.selenium.support.events.EventFiringWebDriver.findElement(EventFiringWebDriver.java:194)
	at org.openqa.selenium.support.pagefactory.DefaultElementLocator.findElement(DefaultElementLocator.java:69)
	at org.openqa.selenium.support.pagefactory.internal.LocatingElementHandler.invoke(LocatingElementHandler.java:38)
	at com.sun.proxy.$Proxy10.getText(Unknown Source)
	at com.qa.amazon.pages.HomePage.getCurrentUser(HomePage.java:32)
	at com.qa.amazon.testsuite.HomePageTest.verifyUser(HomePageTest.java:40)
</failure>
    <system-out>Before navigating to: &apos;https://www.amazon.in/&apos;
Navigated to:&apos;https://www.amazon.in/&apos;
Trying to find Element By : By.xpath: //a[@id=&quot;nav-link-accountList&quot;]
Found Element By : By.xpath: //a[@id=&quot;nav-link-accountList&quot;]
Trying to click on: [[ChromeDriver: chrome on WINDOWS (41bfd87006d4db0223d2b465c82ca606)] -&gt; xpath: //a[@id=&quot;nav-link-accountList&quot;]]
Clicked on: [[ChromeDriver: chrome on WINDOWS (41bfd87006d4db0223d2b465c82ca606)] -&gt; xpath: //a[@id=&quot;nav-link-accountList&quot;]]
Trying to find Element By : By.id: ap_email
Found Element By : By.id: ap_email
Trying to find Element By : By.id: continue
Found Element By : By.id: continue
Trying to click on: [[ChromeDriver: chrome on WINDOWS (41bfd87006d4db0223d2b465c82ca606)] -&gt; id: continue]
Clicked on: [[ChromeDriver: chrome on WINDOWS (41bfd87006d4db0223d2b465c82ca606)] -&gt; id: continue]
Trying to find Element By : By.id: ap_password
Found Element By : By.id: ap_password
Trying to find Element By : By.id: signInSubmit
Found Element By : By.id: signInSubmit
Trying to click on: [[ChromeDriver: chrome on WINDOWS (41bfd87006d4db0223d2b465c82ca606)] -&gt; id: signInSubmit]
Clicked on: [[ChromeDriver: chrome on WINDOWS (41bfd87006d4db0223d2b465c82ca606)] -&gt; id: signInSubmit]
Trying to find Element By : By.xpath: //a[@id=&quot;nav-link-accountList&quot;]/span[1]
Exception occured: org.openqa.selenium.NoSuchElementException: no such element: Unable to locate element: {&quot;method&quot;:&quot;xpath&quot;,&quot;selector&quot;:&quot;//a[@id=&quot;nav-link-accountList&quot;]/span[1]&quot;}
  (Session info: chrome=81.0.4044.138)
For documentation on this error, please visit: https://www.seleniumhq.org/exceptions/no_such_element.html
Build info: version: &apos;3.141.59&apos;, revision: &apos;e82be7d358&apos;, time: &apos;2018-11-14T08:17:03&apos;
System info: host: &apos;INLN56597652A&apos;, ip: &apos;192.168.184.1&apos;, os.name: &apos;Windows 10&apos;, os.arch: &apos;amd64&apos;, os.version: &apos;10.0&apos;, java.version: &apos;1.8.0_251&apos;
Driver info: org.openqa.selenium.chrome.ChromeDriver
Capabilities {acceptInsecureCerts: false, browserName: chrome, browserVersion: 81.0.4044.138, chrome: {chromedriverVersion: 81.0.4044.69 (6813546031a4b..., userDataDir: C:\Users\i341714\AppData\Lo...}, goog:chromeOptions: {debuggerAddress: localhost:65418}, javascriptEnabled: true, networkConnectionEnabled: false, pageLoadStrategy: normal, platform: WINDOWS, platformName: WINDOWS, proxy: Proxy(), setWindowRect: true, strictFileInteractability: false, timeouts: {implicit: 0, pageLoad: 300000, script: 30000}, unhandledPromptBehavior: dismiss and notify, webauthn:virtualAuthenticators: true}
Session ID: 41bfd87006d4db0223d2b465c82ca606
*** Element info: {Using=xpath, value=//a[@id=&quot;nav-link-accountList&quot;]/span[1]}
</system-out>
    <system-err>Starting ChromeDriver 81.0.4044.69 (6813546031a4bc83f717a2ef7cd4ac6ec1199132-refs/branch-heads/4044@{#776}) on port 9476
Only local connections are allowed.
Please protect ports used by ChromeDriver and related test frameworks to prevent access by malicious code.
May 15, 2020 4:47:48 PM org.openqa.selenium.remote.ProtocolHandshake createSession
INFO: Detected dialect: W3C
[1589541469.364][SEVERE]: Timed out receiving message from renderer: 0.100
[1589541469.764][SEVERE]: Timed out receiving message from renderer: 0.100
[1589541470.144][SEVERE]: Timed out receiving message from renderer: 0.100
[1589541470.582][SEVERE]: Timed out receiving message from renderer: 0.100
[1589541470.693][SEVERE]: Timed out receiving message from renderer: 0.100
[1589541470.800][SEVERE]: Timed out receiving message from renderer: 0.100
[1589541470.968][SEVERE]: Timed out receiving message from renderer: 0.100
[1589541473.064][SEVERE]: Timed out receiving message from renderer: 0.100
[1589541473.175][SEVERE]: Timed out receiving message from renderer: 0.100
[1589541473.288][SEVERE]: Timed out receiving message from renderer: 0.100
[1589541473.396][SEVERE]: Timed out receiving message from renderer: 0.100
[1589541473.509][SEVERE]: Timed out receiving message from renderer: 0.100
[1589541473.615][SEVERE]: Timed out receiving message from renderer: 0.100
[1589541473.776][SEVERE]: Timed out receiving message from renderer: 0.100
[1589541473.879][SEVERE]: Timed out receiving message from renderer: 0.100
[1589541476.383][SEVERE]: Timed out receiving message from renderer: 0.100
[1589541476.583][SEVERE]: Timed out receiving message from renderer: 0.100
</system-err>
  </testcase>
  <testcase classname="com.qa.amazon.testsuite.HomePageTest" name="verifyAmazonPay" time="10.071">
    <failure message="no such element: Unable to locate element: {&quot;method&quot;:&quot;xpath&quot;,&quot;selector&quot;:&quot;//a[@tabindex=26]&quot;}
  (Session info: chrome=81.0.4044.138)
For documentation on this error, please visit: https://www.seleniumhq.org/exceptions/no_such_element.html
Build info: version: &apos;3.141.59&apos;, revision: &apos;e82be7d358&apos;, time: &apos;2018-11-14T08:17:03&apos;
System info: host: &apos;INLN56597652A&apos;, ip: &apos;192.168.184.1&apos;, os.name: &apos;Windows 10&apos;, os.arch: &apos;amd64&apos;, os.version: &apos;10.0&apos;, java.version: &apos;1.8.0_251&apos;
Driver info: org.openqa.selenium.chrome.ChromeDriver
Capabilities {acceptInsecureCerts: false, browserName: chrome, browserVersion: 81.0.4044.138, chrome: {chromedriverVersion: 81.0.4044.69 (6813546031a4b..., userDataDir: C:\Users\i341714\AppData\Lo...}, goog:chromeOptions: {debuggerAddress: localhost:50901}, javascriptEnabled: true, networkConnectionEnabled: false, pageLoadStrategy: normal, platform: WINDOWS, platformName: WINDOWS, proxy: Proxy(), setWindowRect: true, strictFileInteractability: false, timeouts: {implicit: 0, pageLoad: 300000, script: 30000}, unhandledPromptBehavior: dismiss and notify, webauthn:virtualAuthenticators: true}
Session ID: 37b28c135faaf722975c002fd7b72920
*** Element info: {Using=xpath, value=//a[@tabindex=26]}" type="org.openqa.selenium.NoSuchElementException">org.openqa.selenium.NoSuchElementException: no such element: Unable to locate element: {&quot;method&quot;:&quot;xpath&quot;,&quot;selector&quot;:&quot;//a[@tabindex=26]&quot;}
  (Session info: chrome=81.0.4044.138)
For documentation on this error, please visit: https://www.seleniumhq.org/exceptions/no_such_element.html
Build info: version: &apos;3.141.59&apos;, revision: &apos;e82be7d358&apos;, time: &apos;2018-11-14T08:17:03&apos;
System info: host: &apos;INLN56597652A&apos;, ip: &apos;192.168.184.1&apos;, os.name: &apos;Windows 10&apos;, os.arch: &apos;amd64&apos;, os.version: &apos;10.0&apos;, java.version: &apos;1.8.0_251&apos;
Driver info: org.openqa.selenium.chrome.ChromeDriver
Capabilities {acceptInsecureCerts: false, browserName: chrome, browserVersion: 81.0.4044.138, chrome: {chromedriverVersion: 81.0.4044.69 (6813546031a4b..., userDataDir: C:\Users\i341714\AppData\Lo...}, goog:chromeOptions: {debuggerAddress: localhost:50901}, javascriptEnabled: true, networkConnectionEnabled: false, pageLoadStrategy: normal, platform: WINDOWS, platformName: WINDOWS, proxy: Proxy(), setWindowRect: true, strictFileInteractability: false, timeouts: {implicit: 0, pageLoad: 300000, script: 30000}, unhandledPromptBehavior: dismiss and notify, webauthn:virtualAuthenticators: true}
Session ID: 37b28c135faaf722975c002fd7b72920
*** Element info: {Using=xpath, value=//a[@tabindex=26]}
	at sun.reflect.NativeConstructorAccessorImpl.newInstance0(Native Method)
	at sun.reflect.NativeConstructorAccessorImpl.newInstance(Unknown Source)
	at sun.reflect.DelegatingConstructorAccessorImpl.newInstance(Unknown Source)
	at java.lang.reflect.Constructor.newInstance(Unknown Source)
	at org.openqa.selenium.remote.http.W3CHttpResponseCodec.createException(W3CHttpResponseCodec.java:187)
	at org.openqa.selenium.remote.http.W3CHttpResponseCodec.decode(W3CHttpResponseCodec.java:122)
	at org.openqa.selenium.remote.http.W3CHttpResponseCodec.decode(W3CHttpResponseCodec.java:49)
	at org.openqa.selenium.remote.HttpCommandExecutor.execute(HttpCommandExecutor.java:158)
	at org.openqa.selenium.remote.service.DriverCommandExecutor.execute(DriverCommandExecutor.java:83)
	at org.openqa.selenium.remote.RemoteWebDriver.execute(RemoteWebDriver.java:552)
	at org.openqa.selenium.remote.RemoteWebDriver.findElement(RemoteWebDriver.java:323)
	at org.openqa.selenium.remote.RemoteWebDriver.findElementByXPath(RemoteWebDriver.java:428)
	at org.openqa.selenium.By$ByXPath.findElement(By.java:353)
	at org.openqa.selenium.remote.RemoteWebDriver.findElement(RemoteWebDriver.java:315)
	at sun.reflect.GeneratedMethodAccessor4.invoke(Unknown Source)
	at sun.reflect.DelegatingMethodAccessorImpl.invoke(Unknown Source)
	at java.lang.reflect.Method.invoke(Unknown Source)
	at org.openqa.selenium.support.events.EventFiringWebDriver.lambda$new$1(EventFiringWebDriver.java:105)
	at com.sun.proxy.$Proxy6.findElement(Unknown Source)
	at org.openqa.selenium.support.events.EventFiringWebDriver.findElement(EventFiringWebDriver.java:194)
	at org.openqa.selenium.support.pagefactory.DefaultElementLocator.findElement(DefaultElementLocator.java:69)
	at org.openqa.selenium.support.pagefactory.internal.LocatingElementHandler.invoke(LocatingElementHandler.java:38)
	at com.sun.proxy.$Proxy10.isDisplayed(Unknown Source)
	at com.qa.amazon.pages.HomePage.verifyAmazonPayLink(HomePage.java:37)
	at com.qa.amazon.testsuite.HomePageTest.verifyAmazonPay(HomePageTest.java:45)
</failure>
    <system-out>Before navigating to: &apos;https://www.amazon.in/&apos;
Navigated to:&apos;https://www.amazon.in/&apos;
Trying to find Element By : By.xpath: //a[@id=&quot;nav-link-accountList&quot;]
Found Element By : By.xpath: //a[@id=&quot;nav-link-accountList&quot;]
Trying to click on: [[ChromeDriver: chrome on WINDOWS (37b28c135faaf722975c002fd7b72920)] -&gt; xpath: //a[@id=&quot;nav-link-accountList&quot;]]
Clicked on: [[ChromeDriver: chrome on WINDOWS (37b28c135faaf722975c002fd7b72920)] -&gt; xpath: //a[@id=&quot;nav-link-accountList&quot;]]
Trying to find Element By : By.id: ap_email
Found Element By : By.id: ap_email
Trying to find Element By : By.id: continue
Found Element By : By.id: continue
Trying to click on: [[ChromeDriver: chrome on WINDOWS (37b28c135faaf722975c002fd7b72920)] -&gt; id: continue]
Clicked on: [[ChromeDriver: chrome on WINDOWS (37b28c135faaf722975c002fd7b72920)] -&gt; id: continue]
Trying to find Element By : By.id: ap_password
Found Element By : By.id: ap_password
Trying to find Element By : By.id: signInSubmit
Found Element By : By.id: signInSubmit
Trying to click on: [[ChromeDriver: chrome on WINDOWS (37b28c135faaf722975c002fd7b72920)] -&gt; id: signInSubmit]
Clicked on: [[ChromeDriver: chrome on WINDOWS (37b28c135faaf722975c002fd7b72920)] -&gt; id: signInSubmit]
Trying to find Element By : By.xpath: //a[@tabindex=26]
Exception occured: org.openqa.selenium.NoSuchElementException: no such element: Unable to locate element: {&quot;method&quot;:&quot;xpath&quot;,&quot;selector&quot;:&quot;//a[@tabindex=26]&quot;}
  (Session info: chrome=81.0.4044.138)
For documentation on this error, please visit: https://www.seleniumhq.org/exceptions/no_such_element.html
Build info: version: &apos;3.141.59&apos;, revision: &apos;e82be7d358&apos;, time: &apos;2018-11-14T08:17:03&apos;
System info: host: &apos;INLN56597652A&apos;, ip: &apos;192.168.184.1&apos;, os.name: &apos;Windows 10&apos;, os.arch: &apos;amd64&apos;, os.version: &apos;10.0&apos;, java.version: &apos;1.8.0_251&apos;
Driver info: org.openqa.selenium.chrome.ChromeDriver
Capabilities {acceptInsecureCerts: false, browserName: chrome, browserVersion: 81.0.4044.138, chrome: {chromedriverVersion: 81.0.4044.69 (6813546031a4b..., userDataDir: C:\Users\i341714\AppData\Lo...}, goog:chromeOptions: {debuggerAddress: localhost:50901}, javascriptEnabled: true, networkConnectionEnabled: false, pageLoadStrategy: normal, platform: WINDOWS, platformName: WINDOWS, proxy: Proxy(), setWindowRect: true, strictFileInteractability: false, timeouts: {implicit: 0, pageLoad: 300000, script: 30000}, unhandledPromptBehavior: dismiss and notify, webauthn:virtualAuthenticators: true}
Session ID: 37b28c135faaf722975c002fd7b72920
*** Element info: {Using=xpath, value=//a[@tabindex=26]}
</system-out>
    <system-err>Starting ChromeDriver 81.0.4044.69 (6813546031a4bc83f717a2ef7cd4ac6ec1199132-refs/branch-heads/4044@{#776}) on port 1915
Only local connections are allowed.
Please protect ports used by ChromeDriver and related test frameworks to prevent access by malicious code.
May 15, 2020 4:48:11 PM org.openqa.selenium.remote.ProtocolHandshake createSession
INFO: Detected dialect: W3C
[1589541492.654][SEVERE]: Timed out receiving message from renderer: 0.100
[1589541492.971][SEVERE]: Timed out receiving message from renderer: 0.100
[1589541493.481][SEVERE]: Timed out receiving message from renderer: 0.100
[1589541493.602][SEVERE]: Timed out receiving message from renderer: 0.100
[1589541493.707][SEVERE]: Timed out receiving message from renderer: 0.100
[1589541493.887][SEVERE]: Timed out receiving message from renderer: 0.100
[1589541495.857][SEVERE]: Timed out receiving message from renderer: 0.100
[1589541498.612][SEVERE]: Timed out receiving message from renderer: 0.100
[1589541498.715][SEVERE]: Timed out receiving message from renderer: 0.100
[1589541498.817][SEVERE]: Timed out receiving message from renderer: 0.100
[1589541498.919][SEVERE]: Timed out receiving message from renderer: 0.100
[1589541499.020][SEVERE]: Timed out receiving message from renderer: 0.100
[1589541499.122][SEVERE]: Timed out receiving message from renderer: 0.100
[1589541499.224][SEVERE]: Timed out receiving message from renderer: 0.100
[1589541499.327][SEVERE]: Timed out receiving message from renderer: 0.100
[1589541499.428][SEVERE]: Timed out receiving message from renderer: 0.100
</system-err>
  </testcase>
  <testcase classname="com.qa.amazon.testsuite.HomePageTest" name="goToAmazonPay" time="10.071">
    <failure message="no such element: Unable to locate element: {&quot;method&quot;:&quot;xpath&quot;,&quot;selector&quot;:&quot;//a[@tabindex=26]&quot;}
  (Session info: chrome=81.0.4044.138)
For documentation on this error, please visit: https://www.seleniumhq.org/exceptions/no_such_element.html
Build info: version: &apos;3.141.59&apos;, revision: &apos;e82be7d358&apos;, time: &apos;2018-11-14T08:17:03&apos;
System info: host: &apos;INLN56597652A&apos;, ip: &apos;192.168.184.1&apos;, os.name: &apos;Windows 10&apos;, os.arch: &apos;amd64&apos;, os.version: &apos;10.0&apos;, java.version: &apos;1.8.0_251&apos;
Driver info: org.openqa.selenium.chrome.ChromeDriver
Capabilities {acceptInsecureCerts: false, browserName: chrome, browserVersion: 81.0.4044.138, chrome: {chromedriverVersion: 81.0.4044.69 (6813546031a4b..., userDataDir: C:\Users\i341714\AppData\Lo...}, goog:chromeOptions: {debuggerAddress: localhost:62451}, javascriptEnabled: true, networkConnectionEnabled: false, pageLoadStrategy: normal, platform: WINDOWS, platformName: WINDOWS, proxy: Proxy(), setWindowRect: true, strictFileInteractability: false, timeouts: {implicit: 0, pageLoad: 300000, script: 30000}, unhandledPromptBehavior: dismiss and notify, webauthn:virtualAuthenticators: true}
Session ID: 4fad4e75f97e696140a7db6a0a4acbcd
*** Element info: {Using=xpath, value=//a[@tabindex=26]}" type="org.openqa.selenium.NoSuchElementException">org.openqa.selenium.NoSuchElementException: no such element: Unable to locate element: {&quot;method&quot;:&quot;xpath&quot;,&quot;selector&quot;:&quot;//a[@tabindex=26]&quot;}
  (Session info: chrome=81.0.4044.138)
For documentation on this error, please visit: https://www.seleniumhq.org/exceptions/no_such_element.html
Build info: version: &apos;3.141.59&apos;, revision: &apos;e82be7d358&apos;, time: &apos;2018-11-14T08:17:03&apos;
System info: host: &apos;INLN56597652A&apos;, ip: &apos;192.168.184.1&apos;, os.name: &apos;Windows 10&apos;, os.arch: &apos;amd64&apos;, os.version: &apos;10.0&apos;, java.version: &apos;1.8.0_251&apos;
Driver info: org.openqa.selenium.chrome.ChromeDriver
Capabilities {acceptInsecureCerts: false, browserName: chrome, browserVersion: 81.0.4044.138, chrome: {chromedriverVersion: 81.0.4044.69 (6813546031a4b..., userDataDir: C:\Users\i341714\AppData\Lo...}, goog:chromeOptions: {debuggerAddress: localhost:62451}, javascriptEnabled: true, networkConnectionEnabled: false, pageLoadStrategy: normal, platform: WINDOWS, platformName: WINDOWS, proxy: Proxy(), setWindowRect: true, strictFileInteractability: false, timeouts: {implicit: 0, pageLoad: 300000, script: 30000}, unhandledPromptBehavior: dismiss and notify, webauthn:virtualAuthenticators: true}
Session ID: 4fad4e75f97e696140a7db6a0a4acbcd
*** Element info: {Using=xpath, value=//a[@tabindex=26]}
	at sun.reflect.NativeConstructorAccessorImpl.newInstance0(Native Method)
	at sun.reflect.NativeConstructorAccessorImpl.newInstance(Unknown Source)
	at sun.reflect.DelegatingConstructorAccessorImpl.newInstance(Unknown Source)
	at java.lang.reflect.Constructor.newInstance(Unknown Source)
	at org.openqa.selenium.remote.http.W3CHttpResponseCodec.createException(W3CHttpResponseCodec.java:187)
	at org.openqa.selenium.remote.http.W3CHttpResponseCodec.decode(W3CHttpResponseCodec.java:122)
	at org.openqa.selenium.remote.http.W3CHttpResponseCodec.decode(W3CHttpResponseCodec.java:49)
	at org.openqa.selenium.remote.HttpCommandExecutor.execute(HttpCommandExecutor.java:158)
	at org.openqa.selenium.remote.service.DriverCommandExecutor.execute(DriverCommandExecutor.java:83)
	at org.openqa.selenium.remote.RemoteWebDriver.execute(RemoteWebDriver.java:552)
	at org.openqa.selenium.remote.RemoteWebDriver.findElement(RemoteWebDriver.java:323)
	at org.openqa.selenium.remote.RemoteWebDriver.findElementByXPath(RemoteWebDriver.java:428)
	at org.openqa.selenium.By$ByXPath.findElement(By.java:353)
	at org.openqa.selenium.remote.RemoteWebDriver.findElement(RemoteWebDriver.java:315)
	at sun.reflect.GeneratedMethodAccessor4.invoke(Unknown Source)
	at sun.reflect.DelegatingMethodAccessorImpl.invoke(Unknown Source)
	at java.lang.reflect.Method.invoke(Unknown Source)
	at org.openqa.selenium.support.events.EventFiringWebDriver.lambda$new$1(EventFiringWebDriver.java:105)
	at com.sun.proxy.$Proxy6.findElement(Unknown Source)
	at org.openqa.selenium.support.events.EventFiringWebDriver.findElement(EventFiringWebDriver.java:194)
	at org.openqa.selenium.support.pagefactory.DefaultElementLocator.findElement(DefaultElementLocator.java:69)
	at org.openqa.selenium.support.pagefactory.internal.LocatingElementHandler.invoke(LocatingElementHandler.java:38)
	at com.sun.proxy.$Proxy10.click(Unknown Source)
	at com.qa.amazon.pages.HomePage.clickOnAmazonPay(HomePage.java:41)
	at com.qa.amazon.testsuite.HomePageTest.goToAmazonPay(HomePageTest.java:50)
</failure>
    <system-out>Before navigating to: &apos;https://www.amazon.in/&apos;
Navigated to:&apos;https://www.amazon.in/&apos;
Trying to find Element By : By.xpath: //a[@id=&quot;nav-link-accountList&quot;]
Found Element By : By.xpath: //a[@id=&quot;nav-link-accountList&quot;]
Trying to click on: [[ChromeDriver: chrome on WINDOWS (4fad4e75f97e696140a7db6a0a4acbcd)] -&gt; xpath: //a[@id=&quot;nav-link-accountList&quot;]]
Clicked on: [[ChromeDriver: chrome on WINDOWS (4fad4e75f97e696140a7db6a0a4acbcd)] -&gt; xpath: //a[@id=&quot;nav-link-accountList&quot;]]
Trying to find Element By : By.id: ap_email
Found Element By : By.id: ap_email
Trying to find Element By : By.id: continue
Found Element By : By.id: continue
Trying to click on: [[ChromeDriver: chrome on WINDOWS (4fad4e75f97e696140a7db6a0a4acbcd)] -&gt; id: continue]
Clicked on: [[ChromeDriver: chrome on WINDOWS (4fad4e75f97e696140a7db6a0a4acbcd)] -&gt; id: continue]
Trying to find Element By : By.id: ap_password
Found Element By : By.id: ap_password
Trying to find Element By : By.id: signInSubmit
Found Element By : By.id: signInSubmit
Trying to click on: [[ChromeDriver: chrome on WINDOWS (4fad4e75f97e696140a7db6a0a4acbcd)] -&gt; id: signInSubmit]
Clicked on: [[ChromeDriver: chrome on WINDOWS (4fad4e75f97e696140a7db6a0a4acbcd)] -&gt; id: signInSubmit]
Trying to find Element By : By.xpath: //a[@tabindex=26]
Exception occured: org.openqa.selenium.NoSuchElementException: no such element: Unable to locate element: {&quot;method&quot;:&quot;xpath&quot;,&quot;selector&quot;:&quot;//a[@tabindex=26]&quot;}
  (Session info: chrome=81.0.4044.138)
For documentation on this error, please visit: https://www.seleniumhq.org/exceptions/no_such_element.html
Build info: version: &apos;3.141.59&apos;, revision: &apos;e82be7d358&apos;, time: &apos;2018-11-14T08:17:03&apos;
System info: host: &apos;INLN56597652A&apos;, ip: &apos;192.168.184.1&apos;, os.name: &apos;Windows 10&apos;, os.arch: &apos;amd64&apos;, os.version: &apos;10.0&apos;, java.version: &apos;1.8.0_251&apos;
Driver info: org.openqa.selenium.chrome.ChromeDriver
Capabilities {acceptInsecureCerts: false, browserName: chrome, browserVersion: 81.0.4044.138, chrome: {chromedriverVersion: 81.0.4044.69 (6813546031a4b..., userDataDir: C:\Users\i341714\AppData\Lo...}, goog:chromeOptions: {debuggerAddress: localhost:62451}, javascriptEnabled: true, networkConnectionEnabled: false, pageLoadStrategy: normal, platform: WINDOWS, platformName: WINDOWS, proxy: Proxy(), setWindowRect: true, strictFileInteractability: false, timeouts: {implicit: 0, pageLoad: 300000, script: 30000}, unhandledPromptBehavior: dismiss and notify, webauthn:virtualAuthenticators: true}
Session ID: 4fad4e75f97e696140a7db6a0a4acbcd
*** Element info: {Using=xpath, value=//a[@tabindex=26]}
</system-out>
    <system-err>Starting ChromeDriver 81.0.4044.69 (6813546031a4bc83f717a2ef7cd4ac6ec1199132-refs/branch-heads/4044@{#776}) on port 11065
Only local connections are allowed.
Please protect ports used by ChromeDriver and related test frameworks to prevent access by malicious code.
May 15, 2020 4:48:34 PM org.openqa.selenium.remote.ProtocolHandshake createSession
INFO: Detected dialect: W3C
[1589541515.670][SEVERE]: Timed out receiving message from renderer: 0.100
[1589541516.105][SEVERE]: Timed out receiving message from renderer: 0.100
[1589541516.430][SEVERE]: Timed out receiving message from renderer: 0.100
[1589541516.978][SEVERE]: Timed out receiving message from renderer: 0.100
[1589541517.087][SEVERE]: Timed out receiving message from renderer: 0.100
[1589541517.296][SEVERE]: Timed out receiving message from renderer: 0.100
</system-err>
  </testcase>
  <testcase classname="com.qa.amazon.testsuite.LoginPageTest" name="checkTitle" time="0.016"/>
  <testcase classname="com.qa.amazon.testsuite.LoginPageTest" name="checkLogo" time="0.153"/>
  <testcase classname="com.qa.amazon.testsuite.LoginPageTest" name="login" time="3.584"/>
  <testcase classname="com.qa.amazon.testsuite.NewTest" name="runData" time="0.001"/>
  <testcase classname="com.qa.amazon.testsuite.NewTest" name="runData" time="0"/>
  <testcase classname="com.qa.amazon.testsuite.NewTest" name="runData" time="0"/>
  <testcase classname="com.qa.amazon.testsuite.NewTest" name="runData" time="0.001"/>
  <testcase classname="com.qa.amazon.testsuite.NewTest" name="runData" time="0"/>
</testsuite>